TN:
SF:src\Button\index.tsx
FN:12,(anonymous_6)
FNF:1
FNH:1
FNDA:4,(anonymous_6)
DA:1,1
DA:2,1
DA:12,1
DA:13,4
DA:14,4
DA:25,1
LF:6
LH:6
BRDA:13,0,0,2
BRDA:17,1,0,4
BRDA:17,1,1,0
BRF:3
BRH:2
end_of_record
TN:
SF:src\Foo\index.tsx
FN:3,(anonymous_1)
FNF:1
FNH:0
FNDA:0,(anonymous_1)
DA:1,0
DA:3,0
DA:5,0
LF:3
LH:0
BRF:0
BRH:0
end_of_record
TN:
SF:src\PrimaryButton\index.tsx
FN:8,(anonymous_7)
FNF:1
FNH:1
FNDA:2,(anonymous_7)
DA:3,1
DA:4,1
DA:8,1
DA:10,2
DA:12,2
DA:19,1
LF:6
LH:6
BRF:0
BRH:0
end_of_record
TN:
SF:src\formatTime\index.ts
FN:9,formatTime
FN:25,(anonymous_1)
FNF:2
FNH:2
FNDA:2,formatTime
FNDA:12,(anonymous_1)
DA:10,2
DA:11,2
DA:12,2
DA:13,2
DA:14,2
DA:15,2
DA:16,2
DA:17,2
DA:25,12
DA:27,1
LF:10
LH:10
BRDA:9,0,0,1
BRF:1
BRH:1
end_of_record
